[2021-08-30 15:59:56Z INFO HostContext] No proxy settings were found based on environmental variables (http_proxy/https_proxy/HTTP_PROXY/HTTPS_PROXY)
[2021-08-30 15:59:56Z INFO HostContext] Well known directory 'Bin': '/home/rajat/cu_boulder/fall21/aesd/assignments/assignment1/assignment-1-rajatchaple/actions-runner/bin'
[2021-08-30 15:59:56Z INFO HostContext] Well known directory 'Root': '/home/rajat/cu_boulder/fall21/aesd/assignments/assignment1/assignment-1-rajatchaple/actions-runner'
[2021-08-30 15:59:56Z INFO HostContext] Well known config file 'Credentials': '/home/rajat/cu_boulder/fall21/aesd/assignments/assignment1/assignment-1-rajatchaple/actions-runner/.credentials'
[2021-08-30 15:59:56Z INFO Listener] Runner is built for Linux (X64) - linux-x64.
[2021-08-30 15:59:56Z INFO Listener] RuntimeInformation: Linux 5.11.0-27-generic #29~20.04.1-Ubuntu SMP Wed Aug 11 15:58:17 UTC 2021.
[2021-08-30 15:59:56Z INFO Listener] Version: 2.280.3
[2021-08-30 15:59:56Z INFO Listener] Commit: 409920e9f03bd38fe6e58807f069394993ce32e4
[2021-08-30 15:59:56Z INFO Listener] Culture: en-IN
[2021-08-30 15:59:56Z INFO Listener] UI Culture: en-IN
[2021-08-30 15:59:56Z INFO HostContext] Well known directory 'Bin': '/home/rajat/cu_boulder/fall21/aesd/assignments/assignment1/assignment-1-rajatchaple/actions-runner/bin'
[2021-08-30 15:59:56Z INFO HostContext] Well known directory 'Root': '/home/rajat/cu_boulder/fall21/aesd/assignments/assignment1/assignment-1-rajatchaple/actions-runner'
[2021-08-30 15:59:56Z INFO Listener] Validating directory permissions for: '/home/rajat/cu_boulder/fall21/aesd/assignments/assignment1/assignment-1-rajatchaple/actions-runner'
[2021-08-30 15:59:56Z INFO CommandLineParser] Parse
[2021-08-30 15:59:56Z INFO CommandLineParser] Parsing 1 args
[2021-08-30 15:59:56Z INFO CommandLineParser] parsing argument
[2021-08-30 15:59:56Z INFO CommandLineParser] HasArgs: False
[2021-08-30 15:59:56Z INFO CommandLineParser] Adding Command: run
[2021-08-30 15:59:56Z INFO Listener] Arguments parsed
[2021-08-30 15:59:56Z INFO Runner] ExecuteCommand
[2021-08-30 15:59:56Z INFO ConfigurationStore] currentAssemblyLocation: /home/rajat/cu_boulder/fall21/aesd/assignments/assignment1/assignment-1-rajatchaple/actions-runner/bin/Runner.Listener.dll
[2021-08-30 15:59:56Z INFO HostContext] Well known directory 'Bin': '/home/rajat/cu_boulder/fall21/aesd/assignments/assignment1/assignment-1-rajatchaple/actions-runner/bin'
[2021-08-30 15:59:56Z INFO ConfigurationStore] binPath: /home/rajat/cu_boulder/fall21/aesd/assignments/assignment1/assignment-1-rajatchaple/actions-runner/bin
[2021-08-30 15:59:56Z INFO HostContext] Well known directory 'Bin': '/home/rajat/cu_boulder/fall21/aesd/assignments/assignment1/assignment-1-rajatchaple/actions-runner/bin'
[2021-08-30 15:59:56Z INFO HostContext] Well known directory 'Root': '/home/rajat/cu_boulder/fall21/aesd/assignments/assignment1/assignment-1-rajatchaple/actions-runner'
[2021-08-30 15:59:56Z INFO ConfigurationStore] RootFolder: /home/rajat/cu_boulder/fall21/aesd/assignments/assignment1/assignment-1-rajatchaple/actions-runner
[2021-08-30 15:59:56Z INFO HostContext] Well known directory 'Bin': '/home/rajat/cu_boulder/fall21/aesd/assignments/assignment1/assignment-1-rajatchaple/actions-runner/bin'
[2021-08-30 15:59:56Z INFO HostContext] Well known directory 'Root': '/home/rajat/cu_boulder/fall21/aesd/assignments/assignment1/assignment-1-rajatchaple/actions-runner'
[2021-08-30 15:59:56Z INFO HostContext] Well known config file 'Runner': '/home/rajat/cu_boulder/fall21/aesd/assignments/assignment1/assignment-1-rajatchaple/actions-runner/.runner'
[2021-08-30 15:59:56Z INFO ConfigurationStore] ConfigFilePath: /home/rajat/cu_boulder/fall21/aesd/assignments/assignment1/assignment-1-rajatchaple/actions-runner/.runner
[2021-08-30 15:59:56Z INFO HostContext] Well known directory 'Bin': '/home/rajat/cu_boulder/fall21/aesd/assignments/assignment1/assignment-1-rajatchaple/actions-runner/bin'
[2021-08-30 15:59:56Z INFO HostContext] Well known directory 'Root': '/home/rajat/cu_boulder/fall21/aesd/assignments/assignment1/assignment-1-rajatchaple/actions-runner'
[2021-08-30 15:59:56Z INFO HostContext] Well known config file 'Credentials': '/home/rajat/cu_boulder/fall21/aesd/assignments/assignment1/assignment-1-rajatchaple/actions-runner/.credentials'
[2021-08-30 15:59:56Z INFO ConfigurationStore] CredFilePath: /home/rajat/cu_boulder/fall21/aesd/assignments/assignment1/assignment-1-rajatchaple/actions-runner/.credentials
[2021-08-30 15:59:56Z INFO HostContext] Well known directory 'Bin': '/home/rajat/cu_boulder/fall21/aesd/assignments/assignment1/assignment-1-rajatchaple/actions-runner/bin'
[2021-08-30 15:59:56Z INFO HostContext] Well known directory 'Root': '/home/rajat/cu_boulder/fall21/aesd/assignments/assignment1/assignment-1-rajatchaple/actions-runner'
[2021-08-30 15:59:56Z INFO HostContext] Well known config file 'MigratedCredentials': '/home/rajat/cu_boulder/fall21/aesd/assignments/assignment1/assignment-1-rajatchaple/actions-runner/.credentials_migrated'
[2021-08-30 15:59:56Z INFO ConfigurationStore] MigratedCredFilePath: /home/rajat/cu_boulder/fall21/aesd/assignments/assignment1/assignment-1-rajatchaple/actions-runner/.credentials_migrated
[2021-08-30 15:59:56Z INFO HostContext] Well known directory 'Bin': '/home/rajat/cu_boulder/fall21/aesd/assignments/assignment1/assignment-1-rajatchaple/actions-runner/bin'
[2021-08-30 15:59:56Z INFO HostContext] Well known directory 'Root': '/home/rajat/cu_boulder/fall21/aesd/assignments/assignment1/assignment-1-rajatchaple/actions-runner'
[2021-08-30 15:59:56Z INFO HostContext] Well known config file 'Service': '/home/rajat/cu_boulder/fall21/aesd/assignments/assignment1/assignment-1-rajatchaple/actions-runner/.service'
[2021-08-30 15:59:56Z INFO ConfigurationStore] ServiceConfigFilePath: /home/rajat/cu_boulder/fall21/aesd/assignments/assignment1/assignment-1-rajatchaple/actions-runner/.service
[2021-08-30 15:59:56Z INFO CommandSettings] Flag 'help': 'False'
[2021-08-30 15:59:56Z INFO CommandSettings] Flag 'version': 'False'
[2021-08-30 15:59:56Z INFO CommandSettings] Flag 'commit': 'False'
[2021-08-30 15:59:56Z INFO CommandSettings] Flag 'check': 'False'
[2021-08-30 15:59:56Z INFO CommandSettings] Command 'configure': 'False'
[2021-08-30 15:59:56Z INFO CommandSettings] Command 'remove': 'False'
[2021-08-30 15:59:56Z INFO CommandSettings] Command 'warmup': 'False'
[2021-08-30 15:59:56Z INFO ConfigurationManager] LoadSettings
[2021-08-30 15:59:56Z INFO ConfigurationStore] IsConfigured()
[2021-08-30 15:59:56Z INFO ConfigurationStore] IsConfigured: True
[2021-08-30 15:59:56Z INFO ConfigurationManager] Is configured: True
[2021-08-30 15:59:56Z INFO ConfigurationStore] Read setting file: 299 chars
[2021-08-30 15:59:56Z INFO ConfigurationManager] Settings Loaded
[2021-08-30 15:59:56Z INFO ConfigurationStore] IsServiceConfigured()
[2021-08-30 15:59:56Z INFO ConfigurationStore] IsServiceConfigured: False
[2021-08-30 15:59:56Z INFO CommandSettings] Command 'run': 'True'
[2021-08-30 15:59:56Z INFO ConfigurationStore] IsConfigured()
[2021-08-30 15:59:56Z INFO ConfigurationStore] IsConfigured: True
[2021-08-30 15:59:56Z INFO ConfigurationManager] Is configured: True
[2021-08-30 15:59:56Z INFO Runner] Could not parse the argument value '' for StartupType. Defaulting to Manual
[2021-08-30 15:59:56Z INFO Runner] Set runner startup type - Manual
[2021-08-30 15:59:56Z INFO CommandSettings] Flag 'once': 'False'
[2021-08-30 15:59:56Z INFO Runner] RunAsync
[2021-08-30 15:59:56Z INFO ConfigurationManager] LoadSettings
[2021-08-30 15:59:56Z INFO ConfigurationStore] IsConfigured()
[2021-08-30 15:59:56Z INFO ConfigurationStore] IsConfigured: True
[2021-08-30 15:59:56Z INFO ConfigurationManager] Is configured: True
[2021-08-30 15:59:56Z INFO ConfigurationManager] Settings Loaded
[2021-08-30 15:59:56Z INFO MessageListener] {
  "AgentId": 2,
  "AgentName": "rajat",
  "PoolId": 1,
  "PoolName": "Default",
  "ServerUrl": "https://pipelines.actions.githubusercontent.com/EFwK3ubGvYg2F6q8diF5509hVx8J24H4Xv61sbF8aC0KR0hXcd",
  "GitHubUrl": "https://github.com/cu-ecen-aeld/assignment-1-rajatchaple",
  "WorkFolder": "_work"
}
[2021-08-30 15:59:56Z INFO MessageListener] Loading Credentials
[2021-08-30 15:59:56Z INFO ConfigurationStore] HasCredentials()
[2021-08-30 15:59:56Z INFO ConfigurationStore] stored True
[2021-08-30 15:59:56Z INFO CredentialManager] GetCredentialProvider
[2021-08-30 15:59:56Z INFO CredentialManager] Creating type OAuth
[2021-08-30 15:59:56Z INFO CredentialManager] Creating credential type: OAuth
[2021-08-30 15:59:56Z INFO HostContext] Well known directory 'Bin': '/home/rajat/cu_boulder/fall21/aesd/assignments/assignment1/assignment-1-rajatchaple/actions-runner/bin'
[2021-08-30 15:59:56Z INFO HostContext] Well known directory 'Root': '/home/rajat/cu_boulder/fall21/aesd/assignments/assignment1/assignment-1-rajatchaple/actions-runner'
[2021-08-30 15:59:56Z INFO HostContext] Well known config file 'RSACredentials': '/home/rajat/cu_boulder/fall21/aesd/assignments/assignment1/assignment-1-rajatchaple/actions-runner/.credentials_rsaparams'
[2021-08-30 15:59:56Z INFO RSAFileKeyManager] Loading RSA key parameters from file /home/rajat/cu_boulder/fall21/aesd/assignments/assignment1/assignment-1-rajatchaple/actions-runner/.credentials_rsaparams
[2021-08-30 15:59:56Z INFO MessageListener] Attempt to create session.
[2021-08-30 15:59:56Z INFO MessageListener] Connecting to the Runner Server...
[2021-08-30 15:59:56Z INFO RunnerServer] Establish connection with 100 seconds timeout.
[2021-08-30 15:59:57Z INFO GitHubActionsService] Starting operation Location.GetConnectionData
[2021-08-30 15:59:57Z INFO RunnerServer] Establish connection with 60 seconds timeout.
[2021-08-30 15:59:57Z INFO GitHubActionsService] Starting operation Location.GetConnectionData
[2021-08-30 15:59:57Z INFO RunnerServer] Establish connection with 60 seconds timeout.
[2021-08-30 15:59:57Z INFO GitHubActionsService] Starting operation Location.GetConnectionData
[2021-08-30 15:59:57Z INFO GitHubActionsService] Finished operation Location.GetConnectionData
[2021-08-30 15:59:57Z INFO GitHubActionsService] Finished operation Location.GetConnectionData
[2021-08-30 15:59:57Z INFO GitHubActionsService] Finished operation Location.GetConnectionData
[2021-08-30 15:59:58Z INFO MessageListener] VssConnection created
[2021-08-30 15:59:58Z INFO Terminal] WRITE LINE: 
[2021-08-30 15:59:58Z INFO Terminal] WRITE LINE: 
[2021-08-30 15:59:58Z WARN GitHubActionsService] Authentication failed with status code 401.
Transfer-Encoding: chunked
WWW-Authenticate: Bearer
Strict-Transport-Security: max-age=2592000
X-TFS-ProcessId: 8f3f9b04-ae2b-45c0-9a5f-4d52e8eee994
ActivityId: eaa96ec0-b686-4503-9e5d-149a60092dec
X-TFS-Session: bcef2676-7d88-41ef-ada2-6c1562b54501
X-VSS-E2EID: 0cb56c5c-18bd-47d2-8f9e-8e393bca873f
X-VSS-SenderDeploymentId: 6074703f-c195-632a-bd61-21691fc86fa5
X-TFS-ServiceError: The+user+%27System%3aPublicAccess%3baaaaaaaa-aaaa-aaaa-aaaa-aaaaaaaaaaaa%27+is+not+authorized+to+access+this+resource.
X-VSS-S2STargetService: 0000005A-0000-8888-8000-000000000000/visualstudio.com
X-Cache: CONFIG_NOCACHE
X-MSEdge-Ref: Ref A: 4D010A27B68543458C8F0D4DC7B0E003 Ref B: DM2EDGE0808 Ref C: 2021-08-30T15:59:58Z
Date: Mon, 30 Aug 2021 15:59:57 GMT

[2021-08-30 15:59:58Z INFO RSAFileKeyManager] Loading RSA key parameters from file /home/rajat/cu_boulder/fall21/aesd/assignments/assignment1/assignment-1-rajatchaple/actions-runner/.credentials_rsaparams
[2021-08-30 15:59:58Z INFO RSAFileKeyManager] Loading RSA key parameters from file /home/rajat/cu_boulder/fall21/aesd/assignments/assignment1/assignment-1-rajatchaple/actions-runner/.credentials_rsaparams
[2021-08-30 15:59:58Z INFO GitHubActionsService] AAD Correlation ID for this token request: Unknown
[2021-08-30 15:59:58Z INFO MessageListener] Session created.
[2021-08-30 15:59:58Z INFO Terminal] WRITE LINE: 2021-08-30 15:59:58Z: Listening for Jobs
[2021-08-30 15:59:58Z INFO JobDispatcher] Set runner/worker IPC timeout to 30 seconds.
[2021-08-30 16:00:02Z INFO RSAFileKeyManager] Loading RSA key parameters from file /home/rajat/cu_boulder/fall21/aesd/assignments/assignment1/assignment-1-rajatchaple/actions-runner/.credentials_rsaparams
[2021-08-30 16:00:02Z INFO MessageListener] Message '3' received from session 'ac10af54-4f18-4750-a657-7e625fa9fb68'.
[2021-08-30 16:00:02Z INFO JobDispatcher] Job request 3 for plan 3895ea3c-a9b5-4f65-be0e-0dc8ead5daf9 job a047640a-23da-5e9b-1ef8-917a09b3753a received.
[2021-08-30 16:00:02Z INFO JobDispatcher] Pull OrchestrationId 3895ea3c-a9b5-4f65-be0e-0dc8ead5daf9.full-test.__default from JWT claims
[2021-08-30 16:00:02Z INFO Terminal] WRITE LINE: 2021-08-30 16:00:02Z: Running job: full-test
[2021-08-30 16:00:02Z INFO JobDispatcher] Start renew job request 3 for job a047640a-23da-5e9b-1ef8-917a09b3753a.
[2021-08-30 16:00:03Z INFO JobDispatcher] Successfully renew job request 3, job is valid till 30/08/2021 4:10:03 pm
[2021-08-30 16:00:03Z INFO HostContext] Well known directory 'Bin': '/home/rajat/cu_boulder/fall21/aesd/assignments/assignment1/assignment-1-rajatchaple/actions-runner/bin'
[2021-08-30 16:00:03Z INFO ProcessInvokerWrapper] Starting process:
[2021-08-30 16:00:03Z INFO ProcessInvokerWrapper]   File name: '/home/rajat/cu_boulder/fall21/aesd/assignments/assignment1/assignment-1-rajatchaple/actions-runner/bin/Runner.Worker'
[2021-08-30 16:00:03Z INFO ProcessInvokerWrapper]   Arguments: 'spawnclient 100 103'
[2021-08-30 16:00:03Z INFO ProcessInvokerWrapper]   Working directory: '/home/rajat/cu_boulder/fall21/aesd/assignments/assignment1/assignment-1-rajatchaple/actions-runner/bin'
[2021-08-30 16:00:03Z INFO ProcessInvokerWrapper]   Require exit code zero: 'False'
[2021-08-30 16:00:03Z INFO ProcessInvokerWrapper]   Encoding web name:  ; code page: ''
[2021-08-30 16:00:03Z INFO ProcessInvokerWrapper]   Force kill process on cancellation: 'True'
[2021-08-30 16:00:03Z INFO ProcessInvokerWrapper]   Redirected STDIN: 'False'
[2021-08-30 16:00:03Z INFO ProcessInvokerWrapper]   Persist current code page: 'False'
[2021-08-30 16:00:03Z INFO ProcessInvokerWrapper]   Keep redirected STDIN open: 'False'
[2021-08-30 16:00:03Z INFO ProcessInvokerWrapper]   High priority process: 'True'
[2021-08-30 16:00:03Z INFO ProcessInvokerWrapper] Process started with process id 2771, waiting for process exit.
[2021-08-30 16:00:03Z INFO JobDispatcher] Send job request message to worker for job a047640a-23da-5e9b-1ef8-917a09b3753a.
[2021-08-30 16:00:03Z INFO ProcessChannel] Sending message of length 22022, with hash 'cd38087a6c6f71b16b57e169417e77807afe6f26690401dabcdc16a66f88d5f1'
[2021-08-30 16:00:03Z INFO JobNotification] Entering JobStarted Notification
[2021-08-30 16:00:03Z INFO JobNotification] Entering StartMonitor
[2021-08-30 16:01:03Z INFO JobDispatcher] Successfully renew job request 3, job is valid till 30/08/2021 4:11:03 pm
[2021-08-30 16:02:03Z INFO JobDispatcher] Successfully renew job request 3, job is valid till 30/08/2021 4:12:03 pm
[2021-08-30 16:02:45Z INFO ProcessInvokerWrapper] STDOUT/STDERR stream read finished.
[2021-08-30 16:02:45Z INFO ProcessInvokerWrapper] STDOUT/STDERR stream read finished.
[2021-08-30 16:02:45Z INFO ProcessInvokerWrapper] Finished process 2771 with exit code 102, and elapsed time 00:02:42.7189898.
[2021-08-30 16:02:45Z INFO JobDispatcher] Worker finished for job a047640a-23da-5e9b-1ef8-917a09b3753a. Code: 102
[2021-08-30 16:02:45Z INFO JobDispatcher] finish job request for job a047640a-23da-5e9b-1ef8-917a09b3753a with result: Failed
[2021-08-30 16:02:45Z INFO Terminal] WRITE LINE: 2021-08-30 16:02:45Z: Job full-test completed with result: Failed
[2021-08-30 16:02:45Z INFO JobDispatcher] Stop renew job request for job a047640a-23da-5e9b-1ef8-917a09b3753a.
[2021-08-30 16:02:45Z INFO JobDispatcher] job renew has been canceled, stop renew job request 3.
[2021-08-30 16:02:45Z INFO JobNotification] Entering JobCompleted Notification
[2021-08-30 16:02:45Z INFO JobNotification] Entering EndMonitor
[2021-08-30 16:02:48Z INFO RSAFileKeyManager] Loading RSA key parameters from file /home/rajat/cu_boulder/fall21/aesd/assignments/assignment1/assignment-1-rajatchaple/actions-runner/.credentials_rsaparams
[2021-08-30 16:02:48Z INFO MessageListener] Message '4' received from session 'ac10af54-4f18-4750-a657-7e625fa9fb68'.
[2021-08-30 16:02:48Z INFO JobDispatcher] Job request 4 for plan 3895ea3c-a9b5-4f65-be0e-0dc8ead5daf9 job 0e10f8dd-85b5-5bee-19c6-47fc7db6f171 received.
[2021-08-30 16:02:48Z INFO JobDispatcher] Pull OrchestrationId 3895ea3c-a9b5-4f65-be0e-0dc8ead5daf9.unit-test.__default from JWT claims
[2021-08-30 16:02:48Z INFO JobDispatcher] Job request a047640a-23da-5e9b-1ef8-917a09b3753a processed succeed.
[2021-08-30 16:02:48Z INFO Terminal] WRITE LINE: 2021-08-30 16:02:48Z: Running job: unit-test
[2021-08-30 16:02:48Z INFO JobDispatcher] Start renew job request 4 for job 0e10f8dd-85b5-5bee-19c6-47fc7db6f171.
[2021-08-30 16:02:48Z INFO JobDispatcher] Successfully renew job request 4, job is valid till 30/08/2021 4:12:48 pm
[2021-08-30 16:02:48Z INFO HostContext] Well known directory 'Bin': '/home/rajat/cu_boulder/fall21/aesd/assignments/assignment1/assignment-1-rajatchaple/actions-runner/bin'
[2021-08-30 16:02:48Z INFO ProcessInvokerWrapper] Starting process:
[2021-08-30 16:02:48Z INFO ProcessInvokerWrapper]   File name: '/home/rajat/cu_boulder/fall21/aesd/assignments/assignment1/assignment-1-rajatchaple/actions-runner/bin/Runner.Worker'
[2021-08-30 16:02:48Z INFO ProcessInvokerWrapper]   Arguments: 'spawnclient 87 102'
[2021-08-30 16:02:48Z INFO ProcessInvokerWrapper]   Working directory: '/home/rajat/cu_boulder/fall21/aesd/assignments/assignment1/assignment-1-rajatchaple/actions-runner/bin'
[2021-08-30 16:02:48Z INFO ProcessInvokerWrapper]   Require exit code zero: 'False'
[2021-08-30 16:02:48Z INFO ProcessInvokerWrapper]   Encoding web name:  ; code page: ''
[2021-08-30 16:02:48Z INFO ProcessInvokerWrapper]   Force kill process on cancellation: 'True'
[2021-08-30 16:02:48Z INFO ProcessInvokerWrapper]   Redirected STDIN: 'False'
[2021-08-30 16:02:48Z INFO ProcessInvokerWrapper]   Persist current code page: 'False'
[2021-08-30 16:02:48Z INFO ProcessInvokerWrapper]   Keep redirected STDIN open: 'False'
[2021-08-30 16:02:48Z INFO ProcessInvokerWrapper]   High priority process: 'True'
[2021-08-30 16:02:48Z INFO ProcessInvokerWrapper] Process started with process id 3560, waiting for process exit.
[2021-08-30 16:02:48Z INFO JobDispatcher] Send job request message to worker for job 0e10f8dd-85b5-5bee-19c6-47fc7db6f171.
[2021-08-30 16:02:48Z INFO ProcessChannel] Sending message of length 22019, with hash '62b12f5ec0d87e63058f1f0d9d206a3ca761d98a6099a4341759e229418d12cb'
[2021-08-30 16:02:48Z INFO JobNotification] Entering JobStarted Notification
[2021-08-30 16:02:48Z INFO JobNotification] Entering StartMonitor
[2021-08-30 16:03:00Z INFO ProcessInvokerWrapper] STDOUT/STDERR stream read finished.
[2021-08-30 16:03:00Z INFO ProcessInvokerWrapper] STDOUT/STDERR stream read finished.
[2021-08-30 16:03:00Z INFO ProcessInvokerWrapper] Finished process 3560 with exit code 102, and elapsed time 00:00:11.4424548.
[2021-08-30 16:03:00Z INFO JobDispatcher] Worker finished for job 0e10f8dd-85b5-5bee-19c6-47fc7db6f171. Code: 102
[2021-08-30 16:03:00Z INFO JobDispatcher] finish job request for job 0e10f8dd-85b5-5bee-19c6-47fc7db6f171 with result: Failed
[2021-08-30 16:03:00Z INFO Terminal] WRITE LINE: 2021-08-30 16:03:00Z: Job unit-test completed with result: Failed
[2021-08-30 16:03:00Z INFO JobDispatcher] Stop renew job request for job 0e10f8dd-85b5-5bee-19c6-47fc7db6f171.
[2021-08-30 16:03:00Z INFO JobDispatcher] job renew has been canceled, stop renew job request 4.
[2021-08-30 16:03:00Z INFO JobNotification] Entering JobCompleted Notification
[2021-08-30 16:03:00Z INFO JobNotification] Entering EndMonitor
[2021-08-30 16:09:07Z INFO Terminal] WRITE LINE: Exiting...
[2021-08-30 16:09:07Z INFO ConfigurationStore] IsServiceConfigured()
[2021-08-30 16:09:07Z INFO ConfigurationStore] IsServiceConfigured: False
[2021-08-30 16:09:07Z INFO HostContext] Runner will be shutdown for UserCancelled
[2021-08-30 16:09:07Z WARN GitHubActionsService] GET request to https://pipelines.actions.githubusercontent.com/EFwK3ubGvYg2F6q8diF5509hVx8J24H4Xv61sbF8aC0KR0hXcd/_apis/distributedtask/pools/1/messages?sessionId=ac10af54-4f18-4750-a657-7e625fa9fb68&lastMessageId=4 has been cancelled.
[2021-08-30 16:09:07Z INFO MessageListener] Get next message has been cancelled.
[2021-08-30 16:09:07Z INFO JobDispatcher] Shutting down JobDispatcher. Make sure all WorkerDispatcher has finished.
[2021-08-30 16:09:07Z INFO JobDispatcher] Ensure WorkerDispather for job 0e10f8dd-85b5-5bee-19c6-47fc7db6f171 run to finish, cancel any running job.
[2021-08-30 16:09:07Z INFO JobDispatcher] Job request 0e10f8dd-85b5-5bee-19c6-47fc7db6f171 processed succeed.
[2021-08-30 16:09:07Z INFO Listener] Runner execution been cancelled.
