[2021-08-26 00:13:54Z INFO HostContext] No proxy settings were found based on environmental variables (http_proxy/https_proxy/HTTP_PROXY/HTTPS_PROXY)
[2021-08-26 00:13:54Z INFO HostContext] Well known directory 'Bin': '/home/rajat/cu_boulder/fall21/aesd/assignments/assignment1/assignment-1-rajatchaple/actions-runner/bin'
[2021-08-26 00:13:54Z INFO HostContext] Well known directory 'Root': '/home/rajat/cu_boulder/fall21/aesd/assignments/assignment1/assignment-1-rajatchaple/actions-runner'
[2021-08-26 00:13:54Z INFO HostContext] Well known config file 'Credentials': '/home/rajat/cu_boulder/fall21/aesd/assignments/assignment1/assignment-1-rajatchaple/actions-runner/.credentials'
[2021-08-26 00:13:54Z INFO Listener] Runner is built for Linux (X64) - linux-x64.
[2021-08-26 00:13:54Z INFO Listener] RuntimeInformation: Linux 5.11.0-27-generic #29~20.04.1-Ubuntu SMP Wed Aug 11 15:58:17 UTC 2021.
[2021-08-26 00:13:54Z INFO Listener] Version: 2.280.3
[2021-08-26 00:13:54Z INFO Listener] Commit: 409920e9f03bd38fe6e58807f069394993ce32e4
[2021-08-26 00:13:54Z INFO Listener] Culture: en-IN
[2021-08-26 00:13:54Z INFO Listener] UI Culture: en-IN
[2021-08-26 00:13:54Z INFO HostContext] Well known directory 'Bin': '/home/rajat/cu_boulder/fall21/aesd/assignments/assignment1/assignment-1-rajatchaple/actions-runner/bin'
[2021-08-26 00:13:54Z INFO HostContext] Well known directory 'Root': '/home/rajat/cu_boulder/fall21/aesd/assignments/assignment1/assignment-1-rajatchaple/actions-runner'
[2021-08-26 00:13:54Z INFO Listener] Validating directory permissions for: '/home/rajat/cu_boulder/fall21/aesd/assignments/assignment1/assignment-1-rajatchaple/actions-runner'
[2021-08-26 00:13:54Z INFO CommandLineParser] Parse
[2021-08-26 00:13:54Z INFO CommandLineParser] Parsing 5 args
[2021-08-26 00:13:54Z INFO CommandLineParser] parsing argument
[2021-08-26 00:13:54Z INFO CommandLineParser] HasArgs: False
[2021-08-26 00:13:54Z INFO CommandLineParser] Adding Command: configure
[2021-08-26 00:13:54Z INFO CommandLineParser] parsing argument
[2021-08-26 00:13:54Z INFO CommandLineParser] HasArgs: True
[2021-08-26 00:13:54Z INFO CommandLineParser] arg: url
[2021-08-26 00:13:54Z INFO CommandLineParser] parsing argument
[2021-08-26 00:13:54Z INFO CommandLineParser] HasArgs: True
[2021-08-26 00:13:54Z INFO CommandLineParser] Adding option 'url': 'https://github.com/cu-ecen-aeld/assignment-1-rajatchaple'
[2021-08-26 00:13:54Z INFO CommandLineParser] parsing argument
[2021-08-26 00:13:54Z INFO CommandLineParser] HasArgs: True
[2021-08-26 00:13:54Z INFO CommandLineParser] arg: token
[2021-08-26 00:13:54Z INFO CommandLineParser] parsing argument
[2021-08-26 00:13:54Z INFO CommandLineParser] HasArgs: True
[2021-08-26 00:13:54Z INFO CommandLineParser] Adding option 'token': '***'
[2021-08-26 00:13:54Z INFO Listener] Arguments parsed
[2021-08-26 00:13:54Z INFO Runner] ExecuteCommand
[2021-08-26 00:13:54Z INFO ConfigurationStore] currentAssemblyLocation: /home/rajat/cu_boulder/fall21/aesd/assignments/assignment1/assignment-1-rajatchaple/actions-runner/bin/Runner.Listener.dll
[2021-08-26 00:13:54Z INFO HostContext] Well known directory 'Bin': '/home/rajat/cu_boulder/fall21/aesd/assignments/assignment1/assignment-1-rajatchaple/actions-runner/bin'
[2021-08-26 00:13:54Z INFO ConfigurationStore] binPath: /home/rajat/cu_boulder/fall21/aesd/assignments/assignment1/assignment-1-rajatchaple/actions-runner/bin
[2021-08-26 00:13:54Z INFO HostContext] Well known directory 'Bin': '/home/rajat/cu_boulder/fall21/aesd/assignments/assignment1/assignment-1-rajatchaple/actions-runner/bin'
[2021-08-26 00:13:54Z INFO HostContext] Well known directory 'Root': '/home/rajat/cu_boulder/fall21/aesd/assignments/assignment1/assignment-1-rajatchaple/actions-runner'
[2021-08-26 00:13:54Z INFO ConfigurationStore] RootFolder: /home/rajat/cu_boulder/fall21/aesd/assignments/assignment1/assignment-1-rajatchaple/actions-runner
[2021-08-26 00:13:54Z INFO HostContext] Well known directory 'Bin': '/home/rajat/cu_boulder/fall21/aesd/assignments/assignment1/assignment-1-rajatchaple/actions-runner/bin'
[2021-08-26 00:13:54Z INFO HostContext] Well known directory 'Root': '/home/rajat/cu_boulder/fall21/aesd/assignments/assignment1/assignment-1-rajatchaple/actions-runner'
[2021-08-26 00:13:54Z INFO HostContext] Well known config file 'Runner': '/home/rajat/cu_boulder/fall21/aesd/assignments/assignment1/assignment-1-rajatchaple/actions-runner/.runner'
[2021-08-26 00:13:54Z INFO ConfigurationStore] ConfigFilePath: /home/rajat/cu_boulder/fall21/aesd/assignments/assignment1/assignment-1-rajatchaple/actions-runner/.runner
[2021-08-26 00:13:54Z INFO HostContext] Well known directory 'Bin': '/home/rajat/cu_boulder/fall21/aesd/assignments/assignment1/assignment-1-rajatchaple/actions-runner/bin'
[2021-08-26 00:13:54Z INFO HostContext] Well known directory 'Root': '/home/rajat/cu_boulder/fall21/aesd/assignments/assignment1/assignment-1-rajatchaple/actions-runner'
[2021-08-26 00:13:54Z INFO HostContext] Well known config file 'Credentials': '/home/rajat/cu_boulder/fall21/aesd/assignments/assignment1/assignment-1-rajatchaple/actions-runner/.credentials'
[2021-08-26 00:13:54Z INFO ConfigurationStore] CredFilePath: /home/rajat/cu_boulder/fall21/aesd/assignments/assignment1/assignment-1-rajatchaple/actions-runner/.credentials
[2021-08-26 00:13:54Z INFO HostContext] Well known directory 'Bin': '/home/rajat/cu_boulder/fall21/aesd/assignments/assignment1/assignment-1-rajatchaple/actions-runner/bin'
[2021-08-26 00:13:54Z INFO HostContext] Well known directory 'Root': '/home/rajat/cu_boulder/fall21/aesd/assignments/assignment1/assignment-1-rajatchaple/actions-runner'
[2021-08-26 00:13:54Z INFO HostContext] Well known config file 'MigratedCredentials': '/home/rajat/cu_boulder/fall21/aesd/assignments/assignment1/assignment-1-rajatchaple/actions-runner/.credentials_migrated'
[2021-08-26 00:13:54Z INFO ConfigurationStore] MigratedCredFilePath: /home/rajat/cu_boulder/fall21/aesd/assignments/assignment1/assignment-1-rajatchaple/actions-runner/.credentials_migrated
[2021-08-26 00:13:54Z INFO HostContext] Well known directory 'Bin': '/home/rajat/cu_boulder/fall21/aesd/assignments/assignment1/assignment-1-rajatchaple/actions-runner/bin'
[2021-08-26 00:13:54Z INFO HostContext] Well known directory 'Root': '/home/rajat/cu_boulder/fall21/aesd/assignments/assignment1/assignment-1-rajatchaple/actions-runner'
[2021-08-26 00:13:54Z INFO HostContext] Well known config file 'Service': '/home/rajat/cu_boulder/fall21/aesd/assignments/assignment1/assignment-1-rajatchaple/actions-runner/.service'
[2021-08-26 00:13:54Z INFO ConfigurationStore] ServiceConfigFilePath: /home/rajat/cu_boulder/fall21/aesd/assignments/assignment1/assignment-1-rajatchaple/actions-runner/.service
[2021-08-26 00:13:54Z INFO CommandSettings] Flag 'help': 'False'
[2021-08-26 00:13:54Z INFO CommandSettings] Flag 'version': 'False'
[2021-08-26 00:13:54Z INFO CommandSettings] Flag 'commit': 'False'
[2021-08-26 00:13:54Z INFO CommandSettings] Flag 'check': 'False'
[2021-08-26 00:13:54Z INFO CommandSettings] Command 'configure': 'True'
[2021-08-26 00:13:54Z INFO Terminal] WRITE LINE: 
[2021-08-26 00:13:54Z INFO Terminal] WRITE LINE: --------------------------------------------------------------------------------
[2021-08-26 00:13:54Z INFO Terminal] WRITE LINE: |        ____ _ _   _   _       _          _        _   _                      |
[2021-08-26 00:13:54Z INFO Terminal] WRITE LINE: |       / ___(_) |_| | | |_   _| |__      / \   ___| |_(_) ___  _ __  ___      |
[2021-08-26 00:13:54Z INFO Terminal] WRITE LINE: |      | |  _| | __| |_| | | | | '_ \    / _ \ / __| __| |/ _ \| '_ \/ __|     |
[2021-08-26 00:13:54Z INFO Terminal] WRITE LINE: |      | |_| | | |_|  _  | |_| | |_) |  / ___ \ (__| |_| | (_) | | | \__ \     |
[2021-08-26 00:13:54Z INFO Terminal] WRITE LINE: |       \____|_|\__|_| |_|\__,_|_.__/  /_/   \_\___|\__|_|\___/|_| |_|___/     |
[2021-08-26 00:13:54Z INFO Terminal] WRITE LINE: |                                                                              |
[2021-08-26 00:13:54Z INFO Terminal] WRITE: |                       
[2021-08-26 00:13:54Z INFO Terminal] WRITE: Self-hosted runner registration
[2021-08-26 00:13:54Z INFO Terminal] WRITE LINE:                         |
[2021-08-26 00:13:54Z INFO Terminal] WRITE LINE: |                                                                              |
[2021-08-26 00:13:54Z INFO Terminal] WRITE LINE: --------------------------------------------------------------------------------
[2021-08-26 00:13:54Z INFO ConfigurationManager] ConfigureAsync
[2021-08-26 00:13:54Z INFO ConfigurationStore] IsConfigured()
[2021-08-26 00:13:54Z INFO ConfigurationStore] IsConfigured: False
[2021-08-26 00:13:54Z INFO ConfigurationManager] Is configured: False
[2021-08-26 00:13:54Z INFO CommandSettings] Arg 'url': 'https://github.com/cu-ecen-aeld/assignment-1-rajatchaple'
[2021-08-26 00:13:54Z INFO CommandSettings] Remove url from Arg dictionary.
[2021-08-26 00:13:54Z INFO CommandSettings] Arg 'token': '***'
[2021-08-26 00:13:54Z INFO CommandSettings] Remove token from Arg dictionary.
[2021-08-26 00:13:56Z INFO ConfigurationManager] Http response code: OK from 'POST https://api.github.com/actions/runner-registration'
[2021-08-26 00:13:56Z INFO ConfigurationManager] cred retrieved via GitHub auth
[2021-08-26 00:13:56Z INFO RunnerServer] Establish connection with 100 seconds timeout.
[2021-08-26 00:13:56Z INFO GitHubActionsService] Starting operation Location.GetConnectionData
[2021-08-26 00:13:56Z INFO RunnerServer] Establish connection with 60 seconds timeout.
[2021-08-26 00:13:56Z INFO GitHubActionsService] Starting operation Location.GetConnectionData
[2021-08-26 00:13:56Z INFO RunnerServer] Establish connection with 60 seconds timeout.
[2021-08-26 00:13:56Z INFO GitHubActionsService] Starting operation Location.GetConnectionData
[2021-08-26 00:13:56Z INFO GitHubActionsService] Finished operation Location.GetConnectionData
[2021-08-26 00:13:56Z INFO GitHubActionsService] Finished operation Location.GetConnectionData
[2021-08-26 00:13:56Z INFO GitHubActionsService] Finished operation Location.GetConnectionData
[2021-08-26 00:13:57Z INFO Terminal] WRITE LINE: 
[2021-08-26 00:13:57Z INFO ConfigurationManager] Test Connection complete.
[2021-08-26 00:13:57Z INFO HostContext] Well known directory 'Bin': '/home/rajat/cu_boulder/fall21/aesd/assignments/assignment1/assignment-1-rajatchaple/actions-runner/bin'
[2021-08-26 00:13:57Z INFO HostContext] Well known directory 'Root': '/home/rajat/cu_boulder/fall21/aesd/assignments/assignment1/assignment-1-rajatchaple/actions-runner'
[2021-08-26 00:13:57Z INFO HostContext] Well known config file 'RSACredentials': '/home/rajat/cu_boulder/fall21/aesd/assignments/assignment1/assignment-1-rajatchaple/actions-runner/.credentials_rsaparams'
[2021-08-26 00:13:57Z INFO RSAFileKeyManager] Creating new RSA key using 2048-bit key length
[2021-08-26 00:13:57Z INFO RSAFileKeyManager] Successfully saved RSA key parameters to file /home/rajat/cu_boulder/fall21/aesd/assignments/assignment1/assignment-1-rajatchaple/actions-runner/.credentials_rsaparams
[2021-08-26 00:13:57Z INFO RSAFileKeyManager] Which: 'chmod'
[2021-08-26 00:13:57Z INFO RSAFileKeyManager] Location: '/usr/bin/chmod'
[2021-08-26 00:13:57Z INFO HostContext] Well known directory 'Bin': '/home/rajat/cu_boulder/fall21/aesd/assignments/assignment1/assignment-1-rajatchaple/actions-runner/bin'
[2021-08-26 00:13:57Z INFO HostContext] Well known directory 'Root': '/home/rajat/cu_boulder/fall21/aesd/assignments/assignment1/assignment-1-rajatchaple/actions-runner'
[2021-08-26 00:13:57Z INFO ProcessInvokerWrapper] Starting process:
[2021-08-26 00:13:57Z INFO ProcessInvokerWrapper]   File name: '/usr/bin/chmod'
[2021-08-26 00:13:57Z INFO ProcessInvokerWrapper]   Arguments: '600 /home/rajat/cu_boulder/fall21/aesd/assignments/assignment1/assignment-1-rajatchaple/actions-runner/.credentials_rsaparams'
[2021-08-26 00:13:57Z INFO ProcessInvokerWrapper]   Working directory: '/home/rajat/cu_boulder/fall21/aesd/assignments/assignment1/assignment-1-rajatchaple/actions-runner'
[2021-08-26 00:13:57Z INFO ProcessInvokerWrapper]   Require exit code zero: 'False'
[2021-08-26 00:13:57Z INFO ProcessInvokerWrapper]   Encoding web name:  ; code page: ''
[2021-08-26 00:13:57Z INFO ProcessInvokerWrapper]   Force kill process on cancellation: 'False'
[2021-08-26 00:13:57Z INFO ProcessInvokerWrapper]   Redirected STDIN: 'False'
[2021-08-26 00:13:57Z INFO ProcessInvokerWrapper]   Persist current code page: 'False'
[2021-08-26 00:13:57Z INFO ProcessInvokerWrapper]   Keep redirected STDIN open: 'False'
[2021-08-26 00:13:57Z INFO ProcessInvokerWrapper]   High priority process: 'False'
[2021-08-26 00:13:57Z INFO ProcessInvokerWrapper] Failed to update oom_score_adj for PID: 5267.
[2021-08-26 00:13:57Z INFO ProcessInvokerWrapper] System.IO.DirectoryNotFoundException: Could not find a part of the path '/proc/5267/oom_score_adj'.
   at Interop.ThrowExceptionForIoErrno(ErrorInfo errorInfo, String path, Boolean isDirectory, Func`2 errorRewriter)
   at Microsoft.Win32.SafeHandles.SafeFileHandle.Open(String path, OpenFlags flags, Int32 mode)
   at System.IO.FileStream.OpenHandle(FileMode mode, FileShare share, FileOptions options)
   at System.IO.FileStream..ctor(String path, FileMode mode, FileAccess access, FileShare share, Int32 bufferSize, FileOptions options)
   at System.IO.StreamWriter.ValidateArgsAndOpenPath(String path, Boolean append, Encoding encoding, Int32 bufferSize)
   at System.IO.StreamWriter..ctor(String path)
   at System.IO.File.WriteAllText(String path, String contents)
   at GitHub.Runner.Sdk.ProcessInvoker.WriteProcessOomScoreAdj(Int32 processId, Int32 oomScoreAdj)
[2021-08-26 00:13:57Z INFO ProcessInvokerWrapper] Process started with process id 5267, waiting for process exit.
[2021-08-26 00:13:57Z INFO ProcessInvokerWrapper] STDOUT/STDERR stream read finished.
[2021-08-26 00:13:57Z INFO ProcessInvokerWrapper] STDOUT/STDERR stream read finished.
[2021-08-26 00:13:57Z INFO ProcessInvokerWrapper] Finished process 5267 with exit code 0, and elapsed time 00:00:00.0236271.
[2021-08-26 00:13:57Z INFO RSAFileKeyManager] Successfully set permissions for RSA key parameters file /home/rajat/cu_boulder/fall21/aesd/assignments/assignment1/assignment-1-rajatchaple/actions-runner/.credentials_rsaparams
[2021-08-26 00:13:57Z INFO CommandSettings] Arg 'runnergroup': ''
[2021-08-26 00:13:57Z INFO CommandSettings] Flag 'unattended': 'False'
[2021-08-26 00:13:57Z INFO PromptManager] ReadValue
[2021-08-26 00:13:57Z INFO Terminal] WRITE: Enter the name of the runner group to add this runner to: 
[2021-08-26 00:13:57Z INFO Terminal] WRITE: [press Enter for Default] 
[2021-08-26 00:13:57Z INFO Terminal] READ LINE
[2021-08-26 00:14:28Z INFO Terminal] Read value: ''
[2021-08-26 00:14:28Z INFO PromptManager] Falling back to the default: 'Default'
[2021-08-26 00:14:28Z INFO Terminal] WRITE LINE: 
[2021-08-26 00:14:28Z INFO ConfigurationManager] Found a self-hosted runner group with id 1 and name Default
[2021-08-26 00:14:28Z INFO CommandSettings] Arg 'name': ''
[2021-08-26 00:14:28Z INFO CommandSettings] Flag 'unattended': 'False'
[2021-08-26 00:14:28Z INFO PromptManager] ReadValue
[2021-08-26 00:14:28Z INFO Terminal] WRITE: Enter the name of runner: 
[2021-08-26 00:14:28Z INFO Terminal] WRITE: [press Enter for rajat] 
[2021-08-26 00:14:28Z INFO Terminal] READ LINE
[2021-08-26 00:14:32Z INFO Terminal] Read value: ''
[2021-08-26 00:14:32Z INFO PromptManager] Falling back to the default: 'rajat'
[2021-08-26 00:14:32Z INFO Terminal] WRITE LINE: 
[2021-08-26 00:14:32Z INFO CommandSettings] Arg 'labels': ''
[2021-08-26 00:14:32Z INFO CommandSettings] Flag 'unattended': 'False'
[2021-08-26 00:14:32Z INFO PromptManager] ReadValue
[2021-08-26 00:14:32Z INFO Terminal] WRITE: This runner will have the following labels: 'self-hosted', 'Linux', 'X64' 
Enter any additional labels (ex. label-1,label-2): 
[2021-08-26 00:14:32Z INFO Terminal] WRITE: [press Enter to skip] 
[2021-08-26 00:14:32Z INFO Terminal] READ LINE
[2021-08-26 00:14:38Z INFO Terminal] Read value: ''
[2021-08-26 00:14:38Z INFO Terminal] WRITE LINE: 
[2021-08-26 00:14:39Z INFO ConfigurationStore] Saving OAuth credential @ /home/rajat/cu_boulder/fall21/aesd/assignments/assignment1/assignment-1-rajatchaple/actions-runner/.credentials
[2021-08-26 00:14:39Z INFO ConfigurationStore] Credentials Saved.
[2021-08-26 00:14:39Z INFO ConfigurationStore] HasCredentials()
[2021-08-26 00:14:39Z INFO ConfigurationStore] stored True
[2021-08-26 00:14:39Z INFO CredentialManager] GetCredentialProvider
[2021-08-26 00:14:39Z INFO CredentialManager] Creating type OAuth
[2021-08-26 00:14:39Z INFO CredentialManager] Creating credential type: OAuth
[2021-08-26 00:14:39Z INFO RSAFileKeyManager] Loading RSA key parameters from file /home/rajat/cu_boulder/fall21/aesd/assignments/assignment1/assignment-1-rajatchaple/actions-runner/.credentials_rsaparams
[2021-08-26 00:14:39Z INFO RunnerServer] Establish connection with 100 seconds timeout.
[2021-08-26 00:14:39Z INFO GitHubActionsService] Starting operation Location.GetConnectionData
[2021-08-26 00:14:39Z INFO RunnerServer] Establish connection with 60 seconds timeout.
[2021-08-26 00:14:39Z INFO GitHubActionsService] Starting operation Location.GetConnectionData
[2021-08-26 00:14:39Z INFO RunnerServer] Establish connection with 60 seconds timeout.
[2021-08-26 00:14:39Z INFO GitHubActionsService] Starting operation Location.GetConnectionData
[2021-08-26 00:14:39Z INFO GitHubActionsService] Finished operation Location.GetConnectionData
[2021-08-26 00:14:39Z INFO GitHubActionsService] Finished operation Location.GetConnectionData
[2021-08-26 00:14:39Z INFO GitHubActionsService] Finished operation Location.GetConnectionData
[2021-08-26 00:14:40Z WARN GitHubActionsService] Authentication failed with status code 401.
WWW-Authenticate: Bearer
Strict-Transport-Security: max-age=2592000
X-TFS-ProcessId: bab5990d-11bd-414f-a3d5-cec89c3c57a1
ActivityId: 930018ac-b52b-48d8-88df-da0bb9f32c4f
X-TFS-Session: 9b9d3eae-f8b6-4a09-b223-6908bdc02e00
X-VSS-E2EID: f142041b-e790-47ef-b045-1db2ebc1577d
X-VSS-SenderDeploymentId: 6074703f-c195-632a-bd61-21691fc86fa5
X-TFS-ServiceError: The+user+%27System%3aPublicAccess%3baaaaaaaa-aaaa-aaaa-aaaa-aaaaaaaaaaaa%27+is+not+authorized+to+access+this+resource.
X-VSS-S2STargetService: 0000005A-0000-8888-8000-000000000000/visualstudio.com
X-Cache: CONFIG_NOCACHE
X-MSEdge-Ref: Ref A: D64F0FACBCDD41B4B83B56707395D720 Ref B: DM2EDGE0714 Ref C: 2021-08-26T00:14:40Z
Date: Thu, 26 Aug 2021 00:14:39 GMT

[2021-08-26 00:14:40Z INFO RSAFileKeyManager] Loading RSA key parameters from file /home/rajat/cu_boulder/fall21/aesd/assignments/assignment1/assignment-1-rajatchaple/actions-runner/.credentials_rsaparams
[2021-08-26 00:14:40Z INFO RSAFileKeyManager] Loading RSA key parameters from file /home/rajat/cu_boulder/fall21/aesd/assignments/assignment1/assignment-1-rajatchaple/actions-runner/.credentials_rsaparams
[2021-08-26 00:14:40Z INFO GitHubActionsService] AAD Correlation ID for this token request: Unknown
[2021-08-26 00:14:40Z INFO CommandSettings] Arg 'work': ''
[2021-08-26 00:14:40Z INFO CommandSettings] Flag 'unattended': 'False'
[2021-08-26 00:14:40Z INFO PromptManager] ReadValue
[2021-08-26 00:14:40Z INFO Terminal] WRITE: Enter name of work folder: 
[2021-08-26 00:14:40Z INFO Terminal] WRITE: [press Enter for _work] 
[2021-08-26 00:14:40Z INFO Terminal] READ LINE
[2021-08-26 00:14:44Z INFO Terminal] Read value: ''
[2021-08-26 00:14:44Z INFO PromptManager] Falling back to the default: '_work'
[2021-08-26 00:14:44Z INFO ConfigurationStore] Saving runner settings.
[2021-08-26 00:14:44Z INFO ConfigurationStore] Settings Saved.
[2021-08-26 00:14:44Z INFO Terminal] WRITE LINE: 
[2021-08-26 00:14:44Z INFO Terminal] WRITE LINE: 
[2021-08-26 00:14:44Z INFO SystemDControlManager] Service name 'actions.runner.cu-ecen-aeld-assignment-1-rajatchaple.rajat.service' display name 'GitHub Actions Runner (cu-ecen-aeld-assignment-1-rajatchaple.rajat)' will be used for service configuration.
[2021-08-26 00:14:44Z INFO HostContext] Well known directory 'Bin': '/home/rajat/cu_boulder/fall21/aesd/assignments/assignment1/assignment-1-rajatchaple/actions-runner/bin'
[2021-08-26 00:14:44Z INFO HostContext] Well known directory 'Root': '/home/rajat/cu_boulder/fall21/aesd/assignments/assignment1/assignment-1-rajatchaple/actions-runner'
[2021-08-26 00:14:44Z INFO HostContext] Well known directory 'Bin': '/home/rajat/cu_boulder/fall21/aesd/assignments/assignment1/assignment-1-rajatchaple/actions-runner/bin'
[2021-08-26 00:14:44Z INFO HostContext] Well known directory 'Bin': '/home/rajat/cu_boulder/fall21/aesd/assignments/assignment1/assignment-1-rajatchaple/actions-runner/bin'
[2021-08-26 00:14:44Z INFO HostContext] Well known directory 'Root': '/home/rajat/cu_boulder/fall21/aesd/assignments/assignment1/assignment-1-rajatchaple/actions-runner'
[2021-08-26 00:14:44Z INFO UnixUtil] Which: 'chmod'
[2021-08-26 00:14:44Z INFO UnixUtil] Location: '/usr/bin/chmod'
[2021-08-26 00:14:44Z INFO UnixUtil] Running /usr/bin/chmod 755 "/home/rajat/cu_boulder/fall21/aesd/assignments/assignment1/assignment-1-rajatchaple/actions-runner/svc.sh"
[2021-08-26 00:14:44Z INFO ProcessInvokerWrapper] Starting process:
[2021-08-26 00:14:44Z INFO ProcessInvokerWrapper]   File name: '/usr/bin/chmod'
[2021-08-26 00:14:44Z INFO ProcessInvokerWrapper]   Arguments: '755 "/home/rajat/cu_boulder/fall21/aesd/assignments/assignment1/assignment-1-rajatchaple/actions-runner/svc.sh"'
[2021-08-26 00:14:44Z INFO ProcessInvokerWrapper]   Working directory: '/home/rajat/cu_boulder/fall21/aesd/assignments/assignment1/assignment-1-rajatchaple/actions-runner'
[2021-08-26 00:14:44Z INFO ProcessInvokerWrapper]   Require exit code zero: 'True'
[2021-08-26 00:14:44Z INFO ProcessInvokerWrapper]   Encoding web name:  ; code page: ''
[2021-08-26 00:14:44Z INFO ProcessInvokerWrapper]   Force kill process on cancellation: 'False'
[2021-08-26 00:14:44Z INFO ProcessInvokerWrapper]   Redirected STDIN: 'False'
[2021-08-26 00:14:44Z INFO ProcessInvokerWrapper]   Persist current code page: 'False'
[2021-08-26 00:14:44Z INFO ProcessInvokerWrapper]   Keep redirected STDIN open: 'False'
[2021-08-26 00:14:44Z INFO ProcessInvokerWrapper]   High priority process: 'False'
[2021-08-26 00:14:44Z INFO ProcessInvokerWrapper] Updated oom_score_adj to 500 for PID: 5279.
[2021-08-26 00:14:44Z INFO ProcessInvokerWrapper] Process started with process id 5279, waiting for process exit.
[2021-08-26 00:14:44Z INFO ProcessInvokerWrapper] STDOUT/STDERR stream read finished.
[2021-08-26 00:14:44Z INFO ProcessInvokerWrapper] STDOUT/STDERR stream read finished.
[2021-08-26 00:14:44Z INFO ProcessInvokerWrapper] Finished process 5279 with exit code 0, and elapsed time 00:00:00.0038144.
[2021-08-26 00:14:44Z INFO Listener] Runner execution has finished with return code 0
