[2021-08-26 00:14:49Z INFO HostContext] No proxy settings were found based on environmental variables (http_proxy/https_proxy/HTTP_PROXY/HTTPS_PROXY)
[2021-08-26 00:14:49Z INFO HostContext] Well known directory 'Bin': '/home/rajat/cu_boulder/fall21/aesd/assignments/assignment1/assignment-1-rajatchaple/actions-runner/bin'
[2021-08-26 00:14:49Z INFO HostContext] Well known directory 'Root': '/home/rajat/cu_boulder/fall21/aesd/assignments/assignment1/assignment-1-rajatchaple/actions-runner'
[2021-08-26 00:14:49Z INFO HostContext] Well known config file 'Credentials': '/home/rajat/cu_boulder/fall21/aesd/assignments/assignment1/assignment-1-rajatchaple/actions-runner/.credentials'
[2021-08-26 00:14:49Z INFO Listener] Runner is built for Linux (X64) - linux-x64.
[2021-08-26 00:14:49Z INFO Listener] RuntimeInformation: Linux 5.11.0-27-generic #29~20.04.1-Ubuntu SMP Wed Aug 11 15:58:17 UTC 2021.
[2021-08-26 00:14:49Z INFO Listener] Version: 2.280.3
[2021-08-26 00:14:49Z INFO Listener] Commit: 409920e9f03bd38fe6e58807f069394993ce32e4
[2021-08-26 00:14:49Z INFO Listener] Culture: en-IN
[2021-08-26 00:14:49Z INFO Listener] UI Culture: en-IN
[2021-08-26 00:14:49Z INFO HostContext] Well known directory 'Bin': '/home/rajat/cu_boulder/fall21/aesd/assignments/assignment1/assignment-1-rajatchaple/actions-runner/bin'
[2021-08-26 00:14:49Z INFO HostContext] Well known directory 'Root': '/home/rajat/cu_boulder/fall21/aesd/assignments/assignment1/assignment-1-rajatchaple/actions-runner'
[2021-08-26 00:14:49Z INFO Listener] Validating directory permissions for: '/home/rajat/cu_boulder/fall21/aesd/assignments/assignment1/assignment-1-rajatchaple/actions-runner'
[2021-08-26 00:14:49Z INFO CommandLineParser] Parse
[2021-08-26 00:14:49Z INFO CommandLineParser] Parsing 1 args
[2021-08-26 00:14:49Z INFO CommandLineParser] parsing argument
[2021-08-26 00:14:49Z INFO CommandLineParser] HasArgs: False
[2021-08-26 00:14:49Z INFO CommandLineParser] Adding Command: run
[2021-08-26 00:14:49Z INFO Listener] Arguments parsed
[2021-08-26 00:14:50Z INFO Runner] ExecuteCommand
[2021-08-26 00:14:50Z INFO ConfigurationStore] currentAssemblyLocation: /home/rajat/cu_boulder/fall21/aesd/assignments/assignment1/assignment-1-rajatchaple/actions-runner/bin/Runner.Listener.dll
[2021-08-26 00:14:50Z INFO HostContext] Well known directory 'Bin': '/home/rajat/cu_boulder/fall21/aesd/assignments/assignment1/assignment-1-rajatchaple/actions-runner/bin'
[2021-08-26 00:14:50Z INFO ConfigurationStore] binPath: /home/rajat/cu_boulder/fall21/aesd/assignments/assignment1/assignment-1-rajatchaple/actions-runner/bin
[2021-08-26 00:14:50Z INFO HostContext] Well known directory 'Bin': '/home/rajat/cu_boulder/fall21/aesd/assignments/assignment1/assignment-1-rajatchaple/actions-runner/bin'
[2021-08-26 00:14:50Z INFO HostContext] Well known directory 'Root': '/home/rajat/cu_boulder/fall21/aesd/assignments/assignment1/assignment-1-rajatchaple/actions-runner'
[2021-08-26 00:14:50Z INFO ConfigurationStore] RootFolder: /home/rajat/cu_boulder/fall21/aesd/assignments/assignment1/assignment-1-rajatchaple/actions-runner
[2021-08-26 00:14:50Z INFO HostContext] Well known directory 'Bin': '/home/rajat/cu_boulder/fall21/aesd/assignments/assignment1/assignment-1-rajatchaple/actions-runner/bin'
[2021-08-26 00:14:50Z INFO HostContext] Well known directory 'Root': '/home/rajat/cu_boulder/fall21/aesd/assignments/assignment1/assignment-1-rajatchaple/actions-runner'
[2021-08-26 00:14:50Z INFO HostContext] Well known config file 'Runner': '/home/rajat/cu_boulder/fall21/aesd/assignments/assignment1/assignment-1-rajatchaple/actions-runner/.runner'
[2021-08-26 00:14:50Z INFO ConfigurationStore] ConfigFilePath: /home/rajat/cu_boulder/fall21/aesd/assignments/assignment1/assignment-1-rajatchaple/actions-runner/.runner
[2021-08-26 00:14:50Z INFO HostContext] Well known directory 'Bin': '/home/rajat/cu_boulder/fall21/aesd/assignments/assignment1/assignment-1-rajatchaple/actions-runner/bin'
[2021-08-26 00:14:50Z INFO HostContext] Well known directory 'Root': '/home/rajat/cu_boulder/fall21/aesd/assignments/assignment1/assignment-1-rajatchaple/actions-runner'
[2021-08-26 00:14:50Z INFO HostContext] Well known config file 'Credentials': '/home/rajat/cu_boulder/fall21/aesd/assignments/assignment1/assignment-1-rajatchaple/actions-runner/.credentials'
[2021-08-26 00:14:50Z INFO ConfigurationStore] CredFilePath: /home/rajat/cu_boulder/fall21/aesd/assignments/assignment1/assignment-1-rajatchaple/actions-runner/.credentials
[2021-08-26 00:14:50Z INFO HostContext] Well known directory 'Bin': '/home/rajat/cu_boulder/fall21/aesd/assignments/assignment1/assignment-1-rajatchaple/actions-runner/bin'
[2021-08-26 00:14:50Z INFO HostContext] Well known directory 'Root': '/home/rajat/cu_boulder/fall21/aesd/assignments/assignment1/assignment-1-rajatchaple/actions-runner'
[2021-08-26 00:14:50Z INFO HostContext] Well known config file 'MigratedCredentials': '/home/rajat/cu_boulder/fall21/aesd/assignments/assignment1/assignment-1-rajatchaple/actions-runner/.credentials_migrated'
[2021-08-26 00:14:50Z INFO ConfigurationStore] MigratedCredFilePath: /home/rajat/cu_boulder/fall21/aesd/assignments/assignment1/assignment-1-rajatchaple/actions-runner/.credentials_migrated
[2021-08-26 00:14:50Z INFO HostContext] Well known directory 'Bin': '/home/rajat/cu_boulder/fall21/aesd/assignments/assignment1/assignment-1-rajatchaple/actions-runner/bin'
[2021-08-26 00:14:50Z INFO HostContext] Well known directory 'Root': '/home/rajat/cu_boulder/fall21/aesd/assignments/assignment1/assignment-1-rajatchaple/actions-runner'
[2021-08-26 00:14:50Z INFO HostContext] Well known config file 'Service': '/home/rajat/cu_boulder/fall21/aesd/assignments/assignment1/assignment-1-rajatchaple/actions-runner/.service'
[2021-08-26 00:14:50Z INFO ConfigurationStore] ServiceConfigFilePath: /home/rajat/cu_boulder/fall21/aesd/assignments/assignment1/assignment-1-rajatchaple/actions-runner/.service
[2021-08-26 00:14:50Z INFO CommandSettings] Flag 'help': 'False'
[2021-08-26 00:14:50Z INFO CommandSettings] Flag 'version': 'False'
[2021-08-26 00:14:50Z INFO CommandSettings] Flag 'commit': 'False'
[2021-08-26 00:14:50Z INFO CommandSettings] Flag 'check': 'False'
[2021-08-26 00:14:50Z INFO CommandSettings] Command 'configure': 'False'
[2021-08-26 00:14:50Z INFO CommandSettings] Command 'remove': 'False'
[2021-08-26 00:14:50Z INFO CommandSettings] Command 'warmup': 'False'
[2021-08-26 00:14:50Z INFO ConfigurationManager] LoadSettings
[2021-08-26 00:14:50Z INFO ConfigurationStore] IsConfigured()
[2021-08-26 00:14:50Z INFO ConfigurationStore] IsConfigured: True
[2021-08-26 00:14:50Z INFO ConfigurationManager] Is configured: True
[2021-08-26 00:14:50Z INFO ConfigurationStore] Read setting file: 299 chars
[2021-08-26 00:14:50Z INFO ConfigurationManager] Settings Loaded
[2021-08-26 00:14:50Z INFO ConfigurationStore] IsServiceConfigured()
[2021-08-26 00:14:50Z INFO ConfigurationStore] IsServiceConfigured: False
[2021-08-26 00:14:50Z INFO CommandSettings] Command 'run': 'True'
[2021-08-26 00:14:50Z INFO ConfigurationStore] IsConfigured()
[2021-08-26 00:14:50Z INFO ConfigurationStore] IsConfigured: True
[2021-08-26 00:14:50Z INFO ConfigurationManager] Is configured: True
[2021-08-26 00:14:50Z INFO Runner] Could not parse the argument value '' for StartupType. Defaulting to Manual
[2021-08-26 00:14:50Z INFO Runner] Set runner startup type - Manual
[2021-08-26 00:14:50Z INFO CommandSettings] Flag 'once': 'False'
[2021-08-26 00:14:50Z INFO Runner] RunAsync
[2021-08-26 00:14:50Z INFO ConfigurationManager] LoadSettings
[2021-08-26 00:14:50Z INFO ConfigurationStore] IsConfigured()
[2021-08-26 00:14:50Z INFO ConfigurationStore] IsConfigured: True
[2021-08-26 00:14:50Z INFO ConfigurationManager] Is configured: True
[2021-08-26 00:14:50Z INFO ConfigurationManager] Settings Loaded
[2021-08-26 00:14:50Z INFO MessageListener] {
  "AgentId": 2,
  "AgentName": "rajat",
  "PoolId": 1,
  "PoolName": "Default",
  "ServerUrl": "https://pipelines.actions.githubusercontent.com/EFwK3ubGvYg2F6q8diF5509hVx8J24H4Xv61sbF8aC0KR0hXcd",
  "GitHubUrl": "https://github.com/cu-ecen-aeld/assignment-1-rajatchaple",
  "WorkFolder": "_work"
}
[2021-08-26 00:14:50Z INFO MessageListener] Loading Credentials
[2021-08-26 00:14:50Z INFO ConfigurationStore] HasCredentials()
[2021-08-26 00:14:50Z INFO ConfigurationStore] stored True
[2021-08-26 00:14:50Z INFO CredentialManager] GetCredentialProvider
[2021-08-26 00:14:50Z INFO CredentialManager] Creating type OAuth
[2021-08-26 00:14:50Z INFO CredentialManager] Creating credential type: OAuth
[2021-08-26 00:14:50Z INFO HostContext] Well known directory 'Bin': '/home/rajat/cu_boulder/fall21/aesd/assignments/assignment1/assignment-1-rajatchaple/actions-runner/bin'
[2021-08-26 00:14:50Z INFO HostContext] Well known directory 'Root': '/home/rajat/cu_boulder/fall21/aesd/assignments/assignment1/assignment-1-rajatchaple/actions-runner'
[2021-08-26 00:14:50Z INFO HostContext] Well known config file 'RSACredentials': '/home/rajat/cu_boulder/fall21/aesd/assignments/assignment1/assignment-1-rajatchaple/actions-runner/.credentials_rsaparams'
[2021-08-26 00:14:50Z INFO RSAFileKeyManager] Loading RSA key parameters from file /home/rajat/cu_boulder/fall21/aesd/assignments/assignment1/assignment-1-rajatchaple/actions-runner/.credentials_rsaparams
[2021-08-26 00:14:50Z INFO MessageListener] Attempt to create session.
[2021-08-26 00:14:50Z INFO MessageListener] Connecting to the Runner Server...
[2021-08-26 00:14:50Z INFO RunnerServer] Establish connection with 100 seconds timeout.
[2021-08-26 00:14:50Z INFO GitHubActionsService] Starting operation Location.GetConnectionData
[2021-08-26 00:14:50Z INFO RunnerServer] Establish connection with 60 seconds timeout.
[2021-08-26 00:14:50Z INFO GitHubActionsService] Starting operation Location.GetConnectionData
[2021-08-26 00:14:50Z INFO RunnerServer] Establish connection with 60 seconds timeout.
[2021-08-26 00:14:50Z INFO GitHubActionsService] Starting operation Location.GetConnectionData
[2021-08-26 00:14:50Z INFO GitHubActionsService] Finished operation Location.GetConnectionData
[2021-08-26 00:14:50Z INFO GitHubActionsService] Finished operation Location.GetConnectionData
[2021-08-26 00:14:50Z INFO GitHubActionsService] Finished operation Location.GetConnectionData
[2021-08-26 00:14:50Z INFO MessageListener] VssConnection created
[2021-08-26 00:14:50Z INFO Terminal] WRITE LINE: 
[2021-08-26 00:14:50Z INFO Terminal] WRITE LINE: 
[2021-08-26 00:14:50Z WARN GitHubActionsService] Authentication failed with status code 401.
WWW-Authenticate: Bearer
Strict-Transport-Security: max-age=2592000
X-TFS-ProcessId: 20711aa3-5fcb-47b2-962a-ef392c673236
ActivityId: 4e6d233c-06ef-4939-a6a6-c9f3c0cef2ee
X-TFS-Session: a8dfc5e5-84f2-4416-8533-f13b06ed7722
X-VSS-E2EID: 53635403-9de9-42ea-9d1a-f100eb2a11a3
X-VSS-SenderDeploymentId: 6074703f-c195-632a-bd61-21691fc86fa5
X-TFS-ServiceError: The+user+%27System%3aPublicAccess%3baaaaaaaa-aaaa-aaaa-aaaa-aaaaaaaaaaaa%27+is+not+authorized+to+access+this+resource.
X-VSS-S2STargetService: 0000005A-0000-8888-8000-000000000000/visualstudio.com
X-Cache: CONFIG_NOCACHE
X-MSEdge-Ref: Ref A: 932E3ADDE8BB40D881695A7B8F9627D9 Ref B: CHGEDGE1206 Ref C: 2021-08-26T00:14:50Z
Date: Thu, 26 Aug 2021 00:14:50 GMT

[2021-08-26 00:14:51Z INFO RSAFileKeyManager] Loading RSA key parameters from file /home/rajat/cu_boulder/fall21/aesd/assignments/assignment1/assignment-1-rajatchaple/actions-runner/.credentials_rsaparams
[2021-08-26 00:14:51Z INFO RSAFileKeyManager] Loading RSA key parameters from file /home/rajat/cu_boulder/fall21/aesd/assignments/assignment1/assignment-1-rajatchaple/actions-runner/.credentials_rsaparams
[2021-08-26 00:14:51Z INFO GitHubActionsService] AAD Correlation ID for this token request: Unknown
[2021-08-26 00:14:51Z INFO MessageListener] Session created.
[2021-08-26 00:14:51Z INFO Terminal] WRITE LINE: 2021-08-26 00:14:51Z: Listening for Jobs
[2021-08-26 00:14:51Z INFO JobDispatcher] Set runner/worker IPC timeout to 30 seconds.
[2021-08-26 00:19:45Z INFO Terminal] WRITE LINE: Exiting...
[2021-08-26 00:19:45Z INFO ConfigurationStore] IsServiceConfigured()
[2021-08-26 00:19:45Z INFO ConfigurationStore] IsServiceConfigured: False
[2021-08-26 00:19:45Z INFO HostContext] Runner will be shutdown for UserCancelled
[2021-08-26 00:19:45Z WARN GitHubActionsService] GET request to https://pipelines.actions.githubusercontent.com/EFwK3ubGvYg2F6q8diF5509hVx8J24H4Xv61sbF8aC0KR0hXcd/_apis/distributedtask/pools/1/messages?sessionId=82288192-a996-4588-82cf-5d6a3a5e7444 has been cancelled.
[2021-08-26 00:19:45Z INFO MessageListener] Get next message has been cancelled.
[2021-08-26 00:19:45Z INFO JobDispatcher] Shutting down JobDispatcher. Make sure all WorkerDispatcher has finished.
[2021-08-26 00:19:45Z INFO Listener] Runner execution been cancelled.
